<?xml version="1.0" encoding="UTF-8" ?>
<testsuite tests="4" failures="0" name="ryanair.TestRunner" time="0.011" errors="0" skipped="0">
  <properties>
[...]
</properties>
  <testcase classname="Scenario: Booking up to a Decline payment on" name="Given I make a booking from DUB to MAD on 14/09/2018 for 2 adults and 1 child" time="0.009"/>
  <testcase classname="Scenario: Booking up to a Decline payment on" name="When I pay for booking with card details 5555 5555 5555 5557, 10/2018 and 265" time="0"/>
  <testcase classname="Scenario: Booking up to a Decline payment on" name="Then I should get payment declined message" time="0"/>
  <testcase classname="Scenario: Booking up to a Decline payment on" name="Scenario: Booking up to a Decline payment on" time="0.002"/>
</testsuite>